<?xml version="1.0" encoding="UTF-8"?>
<!-- Generated by org.testng.reporters.JUnitReportReporter -->
<testsuite hostname="DESKTOP-DIMGNTL" failures="0" tests="8" name="demo.ReadExcelTest" time="0.061" errors="0" timestamp="2022-09-16T09:31:16 EDT" skipped="0">
  <testcase classname="demo.ReadExcelTest" name="TestExcelRead_Iterator" time="0.002"/>
  <system-out/>
  <testcase classname="demo.ReadExcelTest" name="TestExcelRead" time="0.005"/>
  <system-out/>
  <testcase classname="demo.ReadExcelTest" name="TestExcelRead" time="0.034"/>
  <system-out/>
  <testcase classname="demo.ReadExcelTest" name="TestExcelRead_Iterator" time="0.002"/>
  <system-out/>
  <testcase classname="demo.ReadExcelTest" name="TestExcelRead_Iterator" time="0.010"/>
  <system-out/>
  <testcase classname="demo.ReadExcelTest" name="TestExcelRead_Iterator" time="0.001"/>
  <system-out/>
  <testcase classname="demo.ReadExcelTest" name="TestExcelRead" time="0.003"/>
  <system-out/>
  <testcase classname="demo.ReadExcelTest" name="TestExcelRead" time="0.004"/>
  <system-out/>
</testsuite> <!-- demo.ReadExcelTest -->
